{
  "stats": {
    "suites": 7,
    "tests": 18,
    "passes": 10,
    "pending": 0,
    "failures": 8,
    "start": "2022-10-18T04:25:13.330Z",
    "end": "2022-10-18T04:25:56.994Z",
    "duration": 43664,
    "testsRegistered": 18,
    "passPercent": 55.55555555555556,
    "pendingPercent": 0,
    "other": 0,
    "hasOther": false,
    "skipped": 0,
    "hasSkipped": false
  },
  "results": [
    {
      "uuid": "1b1e8f7f-80da-4a09-8067-eccea222a373",
      "title": "",
      "fullFile": "cypress/e2e/public.cy.js",
      "file": "cypress/e2e/public.cy.js",
      "beforeHooks": [],
      "afterHooks": [],
      "tests": [],
      "suites": [
        {
          "uuid": "caaf5942-dfbd-45bd-b987-6300eeed78e9",
          "title": "Hack#1 Public Test",
          "fullFile": "",
          "file": "",
          "beforeHooks": [],
          "afterHooks": [],
          "tests": [],
          "suites": [
            {
              "uuid": "89a0dd44-aaf3-4801-aa01-a482c5bfac0a",
              "title": "Problem 1",
              "fullFile": "",
              "file": "",
              "beforeHooks": [],
              "afterHooks": [],
              "tests": [
                {
                  "title": "1-1 Keyboard-container exists and the third row is correct",
                  "fullTitle": "Hack#1 Public Test Problem 1 1-1 Keyboard-container exists and the third row is correct",
                  "timedOut": null,
                  "duration": 535,
                  "state": "passed",
                  "speed": "fast",
                  "pass": true,
                  "fail": false,
                  "pending": false,
                  "context": null,
                  "code": "cy.get('.Keyboard-container').should('be.visible');",
                  "err": {},
                  "uuid": "bfae0666-e158-4b20-97fe-dcf3da840cc8",
                  "parentUUID": "89a0dd44-aaf3-4801-aa01-a482c5bfac0a",
                  "isHook": false,
                  "skipped": false
                },
                {
                  "title": "1-2-1 Keyboard-container first row correct",
                  "fullTitle": "Hack#1 Public Test Problem 1 1-2-1 Keyboard-container first row correct",
                  "timedOut": null,
                  "duration": 224,
                  "state": "passed",
                  "speed": "fast",
                  "pass": true,
                  "fail": false,
                  "pending": false,
                  "context": null,
                  "code": "const chars = 'q w e r t y u i o p'.split(' ');\ncy.get('.Keyboard-container > #KBrow_1').should('have.class', 'Keyboard-row').children().should('have.length', 10);\ncy.get('.Keyboard-container > #KBrow_1').children().each(($el, index) => {\n  cy.wrap($el).should('have.text', chars[index]).should('have.id', 'char_' + chars[index]);\n});",
                  "err": {},
                  "uuid": "c929b7a8-ae79-48fc-87c6-5ecc2132d051",
                  "parentUUID": "89a0dd44-aaf3-4801-aa01-a482c5bfac0a",
                  "isHook": false,
                  "skipped": false
                },
                {
                  "title": "1-2-2 Keyboard-container second row correct",
                  "fullTitle": "Hack#1 Public Test Problem 1 1-2-2 Keyboard-container second row correct",
                  "timedOut": null,
                  "duration": 198,
                  "state": "passed",
                  "speed": "fast",
                  "pass": true,
                  "fail": false,
                  "pending": false,
                  "context": null,
                  "code": "const chars = 'a s d f g h j k l'.split(' ');\ncy.get('.Keyboard-container > #KBrow_2').should('have.class', 'Keyboard-row').children().should('have.length', 9);\ncy.get('.Keyboard-container > #KBrow_2').children().each(($el, index) => {\n  cy.wrap($el).should('have.text', chars[index]).should('have.id', 'char_' + chars[index]);\n});",
                  "err": {},
                  "uuid": "5558bd5f-e262-46c4-8a61-a4b64a49f9b0",
                  "parentUUID": "89a0dd44-aaf3-4801-aa01-a482c5bfac0a",
                  "isHook": false,
                  "skipped": false
                }
              ],
              "suites": [],
              "passes": [
                "bfae0666-e158-4b20-97fe-dcf3da840cc8",
                "c929b7a8-ae79-48fc-87c6-5ecc2132d051",
                "5558bd5f-e262-46c4-8a61-a4b64a49f9b0"
              ],
              "failures": [],
              "pending": [],
              "skipped": [],
              "duration": 957,
              "root": false,
              "rootEmpty": false,
              "_timeout": 2000
            },
            {
              "uuid": "7534df9c-8f9d-45a0-b5cd-ad5deef62a90",
              "title": "Problem 2",
              "fullFile": "",
              "file": "",
              "beforeHooks": [],
              "afterHooks": [],
              "tests": [
                {
                  "title": "2-1 Board-container exists",
                  "fullTitle": "Hack#1 Public Test Problem 2 2-1 Board-container exists",
                  "timedOut": null,
                  "duration": 119,
                  "state": "passed",
                  "speed": "fast",
                  "pass": true,
                  "fail": false,
                  "pending": false,
                  "context": null,
                  "code": "cy.get('.Board-container').should('be.visible');",
                  "err": {},
                  "uuid": "29d16389-c861-48fe-a60e-2620c4c730b0",
                  "parentUUID": "7534df9c-8f9d-45a0-b5cd-ad5deef62a90",
                  "isHook": false,
                  "skipped": false
                },
                {
                  "title": "2-2-1 There are six Row-containers",
                  "fullTitle": "Hack#1 Public Test Problem 2 2-2-1 There are six Row-containers",
                  "timedOut": null,
                  "duration": 107,
                  "state": "passed",
                  "speed": "fast",
                  "pass": true,
                  "fail": false,
                  "pending": false,
                  "context": null,
                  "code": "cy.get('.Board-container > .Row-container').should('have.length', 6);",
                  "err": {},
                  "uuid": "d19d0e29-fce2-4488-b2c7-4dc869e583cd",
                  "parentUUID": "7534df9c-8f9d-45a0-b5cd-ad5deef62a90",
                  "isHook": false,
                  "skipped": false
                },
                {
                  "title": "2-2-2 CurRow is at the first row",
                  "fullTitle": "Hack#1 Public Test Problem 2 2-2-2 CurRow is at the first row",
                  "timedOut": null,
                  "duration": 97,
                  "state": "passed",
                  "speed": "fast",
                  "pass": true,
                  "fail": false,
                  "pending": false,
                  "context": null,
                  "code": "cy.get('.Board-container > .Row-container').children().eq(0).should('have.class', 'current');",
                  "err": {},
                  "uuid": "fca164d2-ccb4-482d-97f3-e13e5330dd8a",
                  "parentUUID": "7534df9c-8f9d-45a0-b5cd-ad5deef62a90",
                  "isHook": false,
                  "skipped": false
                }
              ],
              "suites": [],
              "passes": [
                "29d16389-c861-48fe-a60e-2620c4c730b0",
                "d19d0e29-fce2-4488-b2c7-4dc869e583cd",
                "fca164d2-ccb4-482d-97f3-e13e5330dd8a"
              ],
              "failures": [],
              "pending": [],
              "skipped": [],
              "duration": 323,
              "root": false,
              "rootEmpty": false,
              "_timeout": 2000
            },
            {
              "uuid": "97de8ca7-7280-4a71-9255-034dc9ceea6b",
              "title": "Problem 3",
              "fullFile": "",
              "file": "",
              "beforeHooks": [],
              "afterHooks": [],
              "tests": [
                {
                  "title": "3-1 curGuess is rendered onto CurRow",
                  "fullTitle": "Hack#1 Public Test Problem 3 3-1 curGuess is rendered onto CurRow",
                  "timedOut": null,
                  "duration": 437,
                  "state": "passed",
                  "speed": "fast",
                  "pass": true,
                  "fail": false,
                  "pending": false,
                  "context": null,
                  "code": "cy.get('body').type('{a}');\ncy.get('.Row-wrapper.current').children().eq(0).should('have.text', 'a').and('have.id', '0-0');\ncy.get('body').type('{b}').type('{c}').type('{e}');\ncy.get('.Row-wrapper.current').children().eq(1).should('have.text', 'b').and('have.id', '0-1');\ncy.get('.Row-wrapper.current').children().eq(2).should('have.text', 'c').and('have.id', '0-2');\ncy.get('.Row-wrapper.current').children().eq(3).should('have.text', 'e').and('have.id', '0-3');",
                  "err": {},
                  "uuid": "a2eb40d4-02cf-4f2b-841f-f1a21ab521bf",
                  "parentUUID": "97de8ca7-7280-4a71-9255-034dc9ceea6b",
                  "isHook": false,
                  "skipped": false
                },
                {
                  "title": "3-2 Type more than 5 letters",
                  "fullTitle": "Hack#1 Public Test Problem 3 3-2 Type more than 5 letters",
                  "timedOut": null,
                  "duration": 556,
                  "state": "passed",
                  "speed": "fast",
                  "pass": true,
                  "fail": false,
                  "pending": false,
                  "context": null,
                  "code": "const test = ['a', 'b', 'c', 'd', 'e', 'f'];\nfor (let i = 0; i < test.length; i += 1) {\n  cy.get('body').type(`{${test[i]}}`);\n}\ncy.get('.Row-wrapper.current').children().each(($el, index) => {\n  cy.wrap($el).should('have.text', test[index]).and('have.id', '0-' + index);\n});",
                  "err": {},
                  "uuid": "3190fda9-6773-49fa-93f9-e7959055f003",
                  "parentUUID": "97de8ca7-7280-4a71-9255-034dc9ceea6b",
                  "isHook": false,
                  "skipped": false
                },
                {
                  "title": "3-3 Backspace is working",
                  "fullTitle": "Hack#1 Public Test Problem 3 3-3 Backspace is working",
                  "timedOut": null,
                  "duration": 601,
                  "state": "passed",
                  "speed": "fast",
                  "pass": true,
                  "fail": false,
                  "pending": false,
                  "context": null,
                  "code": "const test = ['z', 'x', 'c', 'v', 'backspace', 'b', 'n'];\nconst ans = ['z', 'x', 'c', 'b', 'n'];\nfor (let i = 0; i < test.length; i += 1) {\n  cy.get('body').type(`{${test[i]}}`);\n}\ncy.get('.Row-wrapper.current').children().each(($el, index) => {\n  cy.wrap($el).should('have.text', ans[index]);\n});",
                  "err": {},
                  "uuid": "e014d23b-5f20-4395-882e-d1c8cc845ef2",
                  "parentUUID": "97de8ca7-7280-4a71-9255-034dc9ceea6b",
                  "isHook": false,
                  "skipped": false
                },
                {
                  "title": "3-4 Filled wordboxes should have class filled",
                  "fullTitle": "Hack#1 Public Test Problem 3 3-4 Filled wordboxes should have class filled",
                  "timedOut": null,
                  "duration": 4285,
                  "state": "failed",
                  "speed": null,
                  "pass": false,
                  "fail": true,
                  "pending": false,
                  "context": null,
                  "code": "cy.get('.Row-wrapper.current').children().each(($el, index) => {\n  cy.wrap($el).not('have.class', 'filled');\n});\ncy.get('body').type('{z}').type('{x}');\ncy.get('.Row-wrapper.current').children().each(($el, index) => {\n  if (index < 2) {\n    if (index == 0) cy.wrap($el).should('have.text', 'z').and('have.class', 'filled');else if (index == 1) cy.wrap($el).should('have.text', 'x').and('have.class', 'filled');\n  } else {\n    cy.wrap($el).not('have.class', 'filled');\n    cy.wrap($el).should('have.text', '');\n  }\n});",
                  "err": {
                    "message": "AssertionError: Timed out retrying after 4000ms: expected '<div#0-0.Row-wordbox>' to have class 'filled'",
                    "estack": "AssertionError: Timed out retrying after 4000ms: expected '<div#0-0.Row-wordbox>' to have class 'filled'\n    at Context.eval (webpack:///./cypress/e2e/public.cy.js:111:73)",
                    "diff": null
                  },
                  "uuid": "e5637ea8-f6a2-4dfb-b3c5-c53c76ab0cfa",
                  "parentUUID": "97de8ca7-7280-4a71-9255-034dc9ceea6b",
                  "isHook": false,
                  "skipped": false
                }
              ],
              "suites": [],
              "passes": [
                "a2eb40d4-02cf-4f2b-841f-f1a21ab521bf",
                "3190fda9-6773-49fa-93f9-e7959055f003",
                "e014d23b-5f20-4395-882e-d1c8cc845ef2"
              ],
              "failures": [
                "e5637ea8-f6a2-4dfb-b3c5-c53c76ab0cfa"
              ],
              "pending": [],
              "skipped": [],
              "duration": 5879,
              "root": false,
              "rootEmpty": false,
              "_timeout": 2000
            },
            {
              "uuid": "b46e340c-3f9f-487e-af24-50fa05f6c501",
              "title": "Problem 4",
              "fullFile": "",
              "file": "",
              "beforeHooks": [],
              "afterHooks": [],
              "tests": [
                {
                  "title": "4-1 CurRow change after pressing enter",
                  "fullTitle": "Hack#1 Public Test Problem 4 4-1 CurRow change after pressing enter",
                  "timedOut": null,
                  "duration": 547,
                  "state": "passed",
                  "speed": "fast",
                  "pass": true,
                  "fail": false,
                  "pending": false,
                  "context": null,
                  "code": "const test = ['a', 'b', 'c', 'd', 'e', 'enter'];\nfor (let i = 0; i < test.length; i += 1) {\n  cy.get('body').type(`{${test[i]}}`);\n}\ncy.get('.Board-container').children().eq(0).get('.Row-wrapper').not('have.class', 'current');\ncy.get('.Board-container').children().eq(1).get('.Row-wrapper').should('have.class', 'current');",
                  "err": {},
                  "uuid": "bbca604e-e566-4aa7-91f2-7db6fa6dda6e",
                  "parentUUID": "b46e340c-3f9f-487e-af24-50fa05f6c501",
                  "isHook": false,
                  "skipped": false
                },
                {
                  "title": "4-2 Green rendered correctly (only one line)",
                  "fullTitle": "Hack#1 Public Test Problem 4 4-2 Green rendered correctly (only one line)",
                  "timedOut": null,
                  "duration": 4498,
                  "state": "failed",
                  "speed": null,
                  "pass": false,
                  "fail": true,
                  "pending": false,
                  "context": null,
                  "code": "const test = ['m', 'a', 'n', 'a', 's', 'enter'];\nconst answer = ['green', 'grey', 'green', 'grey', 'green'];\nfor (let i = 0; i < test.length; i += 1) {\n  cy.get('body').type(`{${test[i]}}`);\n}\ncy.get('.Board-container > .Row-container > .Row-wrapper').eq(0).children().each(($el, index) => {\n  cy.wrap($el).should('have.class', answer[index]).and('have.text', test[index]);\n});",
                  "err": {
                    "message": "AssertionError: Timed out retrying after 4000ms: expected '<div.Row-wordbox>' to have class 'green'",
                    "estack": "AssertionError: Timed out retrying after 4000ms: expected '<div.Row-wordbox>' to have class 'green'\n    at Context.eval (webpack:///./cypress/e2e/public.cy.js:147:29)",
                    "diff": null
                  },
                  "uuid": "29bbc43d-da88-4c30-953e-1615702b8087",
                  "parentUUID": "b46e340c-3f9f-487e-af24-50fa05f6c501",
                  "isHook": false,
                  "skipped": false
                },
                {
                  "title": "4-3 Green and yellow rendered correctly (only one line)",
                  "fullTitle": "Hack#1 Public Test Problem 4 4-3 Green and yellow rendered correctly (only one line)",
                  "timedOut": null,
                  "duration": 4524,
                  "state": "failed",
                  "speed": null,
                  "pass": false,
                  "fail": true,
                  "pending": false,
                  "context": null,
                  "code": "const test = ['a', 'i', 'u', 'b', 'm', 'enter'];\nconst answer = ['grey', 'green', 'yellow', 'grey', 'yellow'];\nfor (let i = 0; i < test.length; i += 1) {\n  cy.get('body').type(`{${test[i]}}`);\n}\ncy.get('.Board-container > .Row-container > .Row-wrapper').eq(0).children().each(($el, index) => {\n  cy.wrap($el).should('have.class', answer[index]).and('have.text', test[index]);\n});",
                  "err": {
                    "message": "AssertionError: Timed out retrying after 4000ms: expected '<div.Row-wordbox>' to have class 'grey'",
                    "estack": "AssertionError: Timed out retrying after 4000ms: expected '<div.Row-wordbox>' to have class 'grey'\n    at Context.eval (webpack:///./cypress/e2e/public.cy.js:159:29)",
                    "diff": null
                  },
                  "uuid": "cbfa9281-666d-4c43-9c7a-ad05b28455d8",
                  "parentUUID": "b46e340c-3f9f-487e-af24-50fa05f6c501",
                  "isHook": false,
                  "skipped": false
                },
                {
                  "title": "4-4 Multiple Lines Test",
                  "fullTitle": "Hack#1 Public Test Problem 4 4-4 Multiple Lines Test",
                  "timedOut": null,
                  "duration": 6171,
                  "state": "failed",
                  "speed": null,
                  "pass": false,
                  "fail": true,
                  "pending": false,
                  "context": null,
                  "code": "const tests = [['z', 'x', 'c', 'v', 'b', 'enter'], ['m', 'a', 'b', 'c', 'u', 'enter'], ['b', 'a', 'n', 'f', 's', 'enter'], ['m', 'u', 'n', 'a', 's', 'enter'], ['m', 'i', 'n', 'u', 's', 'enter']];\nconst answers = [['grey', 'grey', 'grey', 'grey', 'grey'], ['green', 'grey', 'grey', 'grey', 'yellow'], ['grey', 'grey', 'green', 'grey', 'green'], ['green', 'yellow', 'green', 'grey', 'green'], ['green', 'green', 'green', 'green', 'green']];\nfor (let line = 0; line < tests.length; line += 1) {\n  for (let i = 0; i < tests[0].length; i += 1) {\n    cy.get('body').type(`{${tests[line][i]}}`);\n  }\n}\ncy.get('.Board-container').children().each(($el, line) => {\n  if (line < answers.length) {\n    cy.wrap($el).children().eq(0).children().each(($el, i) => {\n      cy.wrap($el).should('have.text', tests[line][i]).should('have.class', answers[line][i]).should('have.id', line + '-' + i);\n    });\n  }\n});",
                  "err": {
                    "message": "AssertionError: Timed out retrying after 4000ms: expected '<div.Row-wordbox>' to have text 'z', but the text was ''",
                    "estack": "AssertionError: Timed out retrying after 4000ms: expected '<div.Row-wordbox>' to have text 'z', but the text was ''\n    at Context.eval (webpack:///./cypress/e2e/public.cy.js:191:25)",
                    "diff": "+ 'z'\n"
                  },
                  "uuid": "170e50b5-258b-4dcf-8a26-30461d439a10",
                  "parentUUID": "b46e340c-3f9f-487e-af24-50fa05f6c501",
                  "isHook": false,
                  "skipped": false
                }
              ],
              "suites": [],
              "passes": [
                "bbca604e-e566-4aa7-91f2-7db6fa6dda6e"
              ],
              "failures": [
                "29bbc43d-da88-4c30-953e-1615702b8087",
                "cbfa9281-666d-4c43-9c7a-ad05b28455d8",
                "170e50b5-258b-4dcf-8a26-30461d439a10"
              ],
              "pending": [],
              "skipped": [],
              "duration": 15740,
              "root": false,
              "rootEmpty": false,
              "_timeout": 2000
            },
            {
              "uuid": "fc1cd513-cf23-480b-a0c8-f84c4582cd81",
              "title": "Problem 5",
              "fullFile": "",
              "file": "",
              "beforeHooks": [],
              "afterHooks": [],
              "tests": [
                {
                  "title": "5-1 Render green correctly",
                  "fullTitle": "Hack#1 Public Test Problem 5 5-1 Render green correctly",
                  "timedOut": null,
                  "duration": 4516,
                  "state": "failed",
                  "speed": null,
                  "pass": false,
                  "fail": true,
                  "pending": false,
                  "context": null,
                  "code": "const test = ['m', 'a', 'n', 'b', 'c', 'enter'];\nfor (let i = 0; i < test.length; i += 1) {\n  cy.get('body').type(`{${test[i]}}`);\n}\ncy.get('.Keyboard-container > .Keyboard-row > #char_n').should('have.class', 'green').and('have.text', 'n');\ncy.get('.Keyboard-container > .Keyboard-row > #char_m').should('have.class', 'green').and('have.text', 'm');\ncy.get('.Keyboard-container > .Keyboard-row > #char_a').should('have.text', 'a').not('have.class', 'green').not('have.class', 'yellow');\ncy.get('.Keyboard-container > .Keyboard-row > #char_b').should('have.text', 'b').not('have.class', 'green').not('have.class', 'yellow');\ncy.get('.Keyboard-container > .Keyboard-row > #char_c').should('have.text', 'c').not('have.class', 'green').not('have.class', 'yellow');",
                  "err": {
                    "message": "AssertionError: Timed out retrying after 4000ms: expected '<div#char_n.Keyboard-char.undefined>' to have class 'green'",
                    "estack": "AssertionError: Timed out retrying after 4000ms: expected '<div#char_n.Keyboard-char.undefined>' to have class 'green'\n    at Context.eval (webpack:///./cypress/e2e/public.cy.js:207:68)",
                    "diff": null
                  },
                  "uuid": "efad9ef3-f1c4-42a2-8499-fcf25f1eb79d",
                  "parentUUID": "fc1cd513-cf23-480b-a0c8-f84c4582cd81",
                  "isHook": false,
                  "skipped": false
                },
                {
                  "title": "5-2 Multiple Lines",
                  "fullTitle": "Hack#1 Public Test Problem 5 5-2 Multiple Lines",
                  "timedOut": null,
                  "duration": 5381,
                  "state": "failed",
                  "speed": null,
                  "pass": false,
                  "fail": true,
                  "pending": false,
                  "context": null,
                  "code": "const tests = [['a', 'b', 'c', 'e', 'f', 'enter'], ['n', 'b', 'c', 'e', 'f', 'enter'], ['m', 'n', 'c', 'e', 'f', 'enter'], ['m', 'u', 'n', 'e', 'f', 'enter'], ['m', 'u', 'n', 's', 'i', 'enter'], ['a', 'b', 'c', 'e', 'f', 'enter']]; // key match with \"w i n d y\"\nconst key_match = [['', '', '', '', ''], ['', '', 'yellow', '', ''], ['green', '', 'yellow', '', ''], ['green', '', 'green', 'yellow', ''], ['green', 'yellow', 'green', 'yellow', 'yellow'], ['green', 'yellow', 'green', 'yellow', 'yellow']];\nfor (let line = 0; line < tests.length; line += 1) {\n  for (let i = 0; i < tests[0].length; i += 1) {\n    cy.get('body').type(`{${tests[line][i]}}`);\n  }\n  for (let i = 0; i < KBrow_1.length; i++) {\n    if (!solList.includes(KBrow_1[i])) {\n      cy.get('.Keyboard-container > #KBrow_1 > #char_' + KBrow_1[i]).should('have.text', KBrow_1[i]).not('have.class', 'green').not('have.class', 'yellow');\n    } else {\n      if (key_match[line][solList.indexOf(KBrow_1[i])]) {\n        cy.get('.Keyboard-container > #KBrow_1 > #char_' + KBrow_1[i]).should('have.text', KBrow_1[i]).and('have.class', key_match[line][solList.indexOf(KBrow_1[i])]);\n      } else {\n        cy.get('.Keyboard-container > #KBrow_1 > #char_' + KBrow_1[i]).should('have.text', KBrow_1[i]).not('have.class', 'green').not('have.class', 'yellow');\n      }\n    }\n  }\n  for (let i = 0; i < KBrow_2.length; i++) {\n    if (!solList.includes(KBrow_2[i])) {\n      cy.get('.Keyboard-container > #KBrow_2 > #char_' + KBrow_2[i]).should('have.text', KBrow_2[i]).not('have.class', 'green').not('have.class', 'yellow');\n    } else {\n      if (key_match[line][solList.indexOf(KBrow_2[i])]) {\n        cy.get('.Keyboard-container > #KBrow_2 > #char_' + KBrow_2[i]).should('have.text', KBrow_2[i]).and('have.class', key_match[line][solList.indexOf(KBrow_2[i])]);\n      } else {\n        cy.get('.Keyboard-container > #KBrow_2 > #char_' + KBrow_2[i]).should('have.text', KBrow_2[i]).not('have.class', 'green').not('have.class', 'yellow');\n      }\n    }\n  }\n  for (let i = 0; i < KBrow_3.length; i++) {\n    if (!solList.includes(KBrow_3[i])) {\n      cy.get('.Keyboard-container > #KBrow_3 > #char_' + KBrow_3[i]).should('have.text', KBrow_3[i]).not('have.class', 'green').not('have.class', 'yellow');\n    } else {\n      if (key_match[line][solList.indexOf(KBrow_3[i])]) {\n        cy.get('.Keyboard-container > #KBrow_3 > #char_' + KBrow_3[i]).should('have.text', KBrow_3[i]).and('have.class', key_match[line][solList.indexOf(KBrow_3[i])]);\n      } else {\n        cy.get('.Keyboard-container > #KBrow_3 > #char_' + KBrow_3[i]).should('have.text', KBrow_3[i]).not('have.class', 'green').not('have.class', 'yellow');\n      }\n    }\n  }\n}",
                  "err": {
                    "message": "AssertionError: Timed out retrying after 4000ms: expected '<div#char_n.Keyboard-char.undefined>' to have class 'yellow'",
                    "estack": "AssertionError: Timed out retrying after 4000ms: expected '<div#char_n.Keyboard-char.undefined>' to have class 'yellow'\n    at Context.eval (webpack:///./cypress/e2e/public.cy.js:293:29)",
                    "diff": null
                  },
                  "uuid": "1e083bdd-89fe-4134-919f-ce54abb2e63e",
                  "parentUUID": "fc1cd513-cf23-480b-a0c8-f84c4582cd81",
                  "isHook": false,
                  "skipped": false
                }
              ],
              "suites": [],
              "passes": [],
              "failures": [
                "efad9ef3-f1c4-42a2-8499-fcf25f1eb79d",
                "1e083bdd-89fe-4134-919f-ce54abb2e63e"
              ],
              "pending": [],
              "skipped": [],
              "duration": 9897,
              "root": false,
              "rootEmpty": false,
              "_timeout": 2000
            },
            {
              "uuid": "0a68ca96-f39c-4813-b630-af225d61974f",
              "title": "Problem 6",
              "fullFile": "",
              "file": "",
              "beforeHooks": [],
              "afterHooks": [],
              "tests": [
                {
                  "title": "6-1 Show winning info",
                  "fullTitle": "Hack#1 Public Test Problem 6 6-1 Show winning info",
                  "timedOut": null,
                  "duration": 4519,
                  "state": "failed",
                  "speed": null,
                  "pass": false,
                  "fail": true,
                  "pending": false,
                  "context": null,
                  "code": "const tests = [['a', 'b', 'c', 'e', 'f', 'enter'], ['n', 'b', 'c', 'e', 'f', 'enter'], ['m', 'n', 'c', 'e', 'f', 'enter'], ['m', 'u', 'n', 's', 'i', 'enter'], ['m', 'i', 'n', 'u', 's', 'enter']];\nfor (let line = 0; line < tests.length; line += 1) {\n  for (let i = 0; i < tests[0].length; i += 1) {\n    cy.get('body').type(`{${tests[line][i]}}`);\n  }\n  if (line != tests.length - 1) {\n    cy.get('.Wordle-lose').should('have.class', 'Hidden');\n  }\n}\ncy.get('.Wordle-win').should('have.text', 'You win!!!!');",
                  "err": {
                    "message": "AssertionError: Timed out retrying after 4000ms: Expected to find element: `.Wordle-lose`, but never found it.",
                    "estack": "AssertionError: Timed out retrying after 4000ms: Expected to find element: `.Wordle-lose`, but never found it.\n    at Context.eval (webpack:///./cypress/e2e/public.cy.js:321:43)",
                    "diff": null
                  },
                  "uuid": "ff0721ab-2080-4521-b904-791b9e10c12a",
                  "parentUUID": "0a68ca96-f39c-4813-b630-af225d61974f",
                  "isHook": false,
                  "skipped": false
                },
                {
                  "title": "6-2 Show losing info",
                  "fullTitle": "Hack#1 Public Test Problem 6 6-2 Show losing info",
                  "timedOut": null,
                  "duration": 4703,
                  "state": "failed",
                  "speed": null,
                  "pass": false,
                  "fail": true,
                  "pending": false,
                  "context": null,
                  "code": "const tests = [['a', 'b', 'c', 'e', 'f', 'enter'], ['n', 'b', 'c', 'e', 'f', 'enter'], ['m', 'n', 'c', 'e', 'f', 'enter'], ['m', 'u', 'n', 'e', 'f', 'enter'], ['m', 'u', 'n', 's', 'i', 'enter'], ['a', 'b', 'c', 'e', 'f', 'enter']];\nfor (let line = 0; line < tests.length; line += 1) {\n  for (let i = 0; i < tests[0].length; i += 1) {\n    cy.get('body').type(`{${tests[line][i]}}`);\n  }\n  if (line != tests.length - 1) {\n    cy.get('.Wordle-lose').should('have.class', 'Hidden');\n  }\n}\ncy.get('.Wordle-lose').not('have.class', 'Hidden').should('have.text', 'You lose!!!! The answer is ' + solution + '.');",
                  "err": {
                    "message": "AssertionError: Timed out retrying after 4000ms: Expected to find element: `.Wordle-lose`, but never found it.",
                    "estack": "AssertionError: Timed out retrying after 4000ms: Expected to find element: `.Wordle-lose`, but never found it.\n    at Context.eval (webpack:///./cypress/e2e/public.cy.js:340:43)",
                    "diff": null
                  },
                  "uuid": "8a1e0822-2bbe-4aa6-a530-1126a264c472",
                  "parentUUID": "0a68ca96-f39c-4813-b630-af225d61974f",
                  "isHook": false,
                  "skipped": false
                }
              ],
              "suites": [],
              "passes": [],
              "failures": [
                "ff0721ab-2080-4521-b904-791b9e10c12a",
                "8a1e0822-2bbe-4aa6-a530-1126a264c472"
              ],
              "pending": [],
              "skipped": [],
              "duration": 9222,
              "root": false,
              "rootEmpty": false,
              "_timeout": 2000
            }
          ],
          "passes": [],
          "failures": [],
          "pending": [],
          "skipped": [],
          "duration": 0,
          "root": false,
          "rootEmpty": false,
          "_timeout": 2000
        }
      ],
      "passes": [],
      "failures": [],
      "pending": [],
      "skipped": [],
      "duration": 0,
      "root": true,
      "rootEmpty": true,
      "_timeout": 2000
    }
  ],
  "meta": {
    "mocha": {
      "version": "7.0.1"
    },
    "mochawesome": {
      "options": {
        "quiet": false,
        "reportFilename": "mochawesome",
        "saveHtml": true,
        "saveJson": true,
        "consoleReporter": "spec",
        "useInlineDiffs": false,
        "code": true
      },
      "version": "7.1.3"
    },
    "marge": {
      "options": {
        "id": "default",
        "reportDir": "cypress/results",
        "overwrite": true,
        "html": true,
        "json": true
      },
      "version": "6.2.0"
    }
  }
}